0 info it worked if it ends with ok
1 verbose cli [ 'C:\\Program Files\\nodejs\\\\node.exe',
1 verbose cli   'C:\\Program Files\\nodejs\\node_modules\\npm\\bin\\npm-cli.js',
1 verbose cli   'run',
1 verbose cli   'restart' ]
2 info using npm@1.3.21
3 info using node@v0.10.24
4 verbose node symlink C:\Program Files\nodejs\\node.exe
5 verbose run-script [ 'prerestart',
5 verbose run-script   'prestop',
5 verbose run-script   'stop',
5 verbose run-script   'poststop',
5 verbose run-script   'restart',
5 verbose run-script   'prestart',
5 verbose run-script   'start',
5 verbose run-script   'poststart',
5 verbose run-script   'postrestart' ]
6 info prerestart taekwon@1.0.0
7 verbose unsafe-perm in lifecycle true
8 info prestop taekwon@1.0.0
9 info stop taekwon@1.0.0
10 info poststop taekwon@1.0.0
11 info restart taekwon@1.0.0
12 verbose unsafe-perm in lifecycle true
13 info taekwon@1.0.0 Failed to exec restart script
14 error taekwon@1.0.0 restart: `node app`
14 error Exit status 8
15 error Failed at the taekwon@1.0.0 restart script.
15 error This is most likely a problem with the taekwon package,
15 error not with npm itself.
15 error Tell the author that this fails on your system:
15 error     node app
15 error You can get their info via:
15 error     npm owner ls taekwon
15 error There is likely additional logging output above.
16 error System Windows_NT 6.2.9200
17 error command "C:\\Program Files\\nodejs\\\\node.exe" "C:\\Program Files\\nodejs\\node_modules\\npm\\bin\\npm-cli.js" "run" "restart"
18 error cwd C:\Users\Axel\Documents\GitHub\taekwon
19 error node -v v0.10.24
20 error npm -v 1.3.21
21 error code ELIFECYCLE
22 verbose exit [ 1, true ]
